2026-06-30 17:15:16,058 ERROR $AI: possibly delisted; no price data found  (period=1d)
2026-07-01 17:15:33,225 ERROR $AI: possibly delisted; no price data found  (period=1d)
2026-07-10 17:00:03,794 INFO IV surface flag on 20260618_BTC_PUT_2: short strike 25.0 now +14.2vp expensive — consider closing
2026-07-10 17:00:04,844 INFO IV surface flag on 20260622_BTC_PUT_1: short strike 25.0 now +14.2vp expensive — consider closing
2026-07-10 17:00:04,948 INFO EXPIRED 20260622_ACHR_PUT_2: ul=4.739999771118164  P&L=$55.00  WIN
2026-07-10 17:00:05,044 INFO EXPIRED 20260622_PLTR_PUT_3: ul=126.77999877929688  P&L=$-82.00  LOSS
2026-07-10 17:00:05,080 INFO EXPIRED 20260623_ACHR_PUT_1: ul=4.739999771118164  P&L=$54.00  WIN
2026-07-10 17:00:05,116 INFO EXPIRED 20260623_PLTR_PUT_2: ul=126.77999877929688  P&L=$-100.00  LOSS
2026-07-10 17:00:05,634 INFO IV surface flag on 20260623_BTC_PUT_3: short strike 26.0 now -7.8vp cheap — vol moved against position
2026-07-10 17:00:05,678 INFO EXPIRED 20260624_ACHR_PUT_1: ul=4.739999771118164  P&L=$11.00  WIN
2026-07-10 17:00:05,771 INFO EXPIRED 20260624_SMR_PUT_3: ul=9.024999618530273  P&L=$81.50  WIN
2026-07-10 17:00:05,808 INFO EXPIRED 20260625_ACHR_PUT_1: ul=4.739999771118164  P&L=$-1.00  LOSS
2026-07-10 17:00:05,848 INFO EXPIRED 20260625_SMR_PUT_2: ul=9.024999618530273  P&L=$54.50  WIN
2026-07-10 17:00:06,932 INFO EXPIRED 20260626_SOFI_CAL_1: ul=18.795000076293945  P&L=$88.50  WIN
2026-07-10 17:00:07,160 INFO EXPIRED 20260626_QQQ_IRO_3: ul=725.530029296875  P&L=$36.00  WIN
2026-07-10 17:00:12,757 INFO IV surface flag on 20260706_QUBT_PUT_2: short strike 7.5 now +54.0vp expensive — consider closing
2026-07-10 17:00:14,390 INFO IV surface flag on 20260706_SMR_PUT_2: short strike 7.5 now -2.7vp cheap — vol moved against position
2026-07-10 17:00:17,134 INFO IV surface flag on 20260707_QUBT_PUT_3: short strike 7.5 now +54.0vp expensive — consider closing
2026-07-13 17:00:08,236 INFO IV surface flag on 20260618_BTC_PUT_2: short strike 25.0 now +14.2vp expensive — consider closing
2026-07-13 17:00:10,735 INFO IV surface flag on 20260622_BTC_PUT_1: short strike 25.0 now +14.2vp expensive — consider closing
2026-07-13 17:00:33,116 WARNING _current_mark failed for WMT: name 's' is not defined
2026-07-13 17:00:33,294 WARNING _current_mark failed for SHOP: name 's' is not defined
2026-07-14 17:17:53,636 INFO IV surface flag on 20260618_BTC_PUT_2: short strike 25.0 now +14.2vp expensive — consider closing
2026-07-14 17:17:55,239 INFO IV surface flag on 20260622_BTC_PUT_1: short strike 25.0 now +14.2vp expensive — consider closing
2026-07-14 17:17:55,980 INFO IV surface flag on 20260623_BTC_PUT_3: short strike 26.0 now -7.8vp cheap — vol moved against position
2026-07-14 17:18:02,513 INFO IV surface flag on 20260706_QUBT_PUT_2: short strike 7.5 now +54.0vp expensive — consider closing
2026-07-14 17:18:04,434 INFO IV surface flag on 20260706_SMR_PUT_2: short strike 7.5 now -2.7vp cheap — vol moved against position
2026-07-14 17:18:07,016 INFO IV surface flag on 20260707_QUBT_PUT_3: short strike 7.5 now +54.0vp expensive — consider closing
2026-07-14 17:18:13,821 WARNING _current_mark failed for WMT: name 's' is not defined
2026-07-14 17:18:13,910 WARNING _current_mark failed for SHOP: name 's' is not defined
2026-07-14 17:18:14,010 WARNING _current_mark failed for V: name 's' is not defined
2026-07-14 17:18:14,108 WARNING _current_mark failed for RTX: name 's' is not defined
2026-07-15 17:00:09,238 WARNING [warmup] E*TRADE not authenticated — option chains will fall back to yfinance
2026-07-15 17:00:13,997 INFO IV surface flag on 20260618_BTC_PUT_2: short strike 25.0 now +14.2vp expensive — consider closing
2026-07-15 17:00:14,924 INFO IV surface flag on 20260622_BTC_PUT_1: short strike 25.0 now +14.2vp expensive — consider closing
2026-07-15 17:00:15,575 INFO IV surface flag on 20260623_BTC_PUT_3: short strike 26.0 now -7.8vp cheap — vol moved against position
2026-07-15 17:00:21,685 INFO IV surface flag on 20260706_QUBT_PUT_2: short strike 7.5 now +54.0vp expensive — consider closing
2026-07-15 17:00:23,626 INFO IV surface flag on 20260706_SMR_PUT_2: short strike 7.5 now -2.7vp cheap — vol moved against position
2026-07-15 17:00:26,165 INFO IV surface flag on 20260707_QUBT_PUT_3: short strike 7.5 now +54.0vp expensive — consider closing
2026-07-15 17:00:33,055 WARNING _current_mark failed for WMT: name 's' is not defined
2026-07-15 17:00:33,155 WARNING _current_mark failed for SHOP: name 's' is not defined
2026-07-15 17:00:33,319 WARNING _current_mark failed for V: name 's' is not defined
2026-07-15 17:00:33,419 WARNING _current_mark failed for RTX: name 's' is not defined
2026-07-16 17:00:02,666 WARNING [warmup] E*TRADE not authenticated — option chains will fall back to yfinance
2026-07-16 17:00:06,074 INFO IV surface flag on 20260618_BTC_PUT_2: short strike 25.0 now +14.2vp expensive — consider closing
2026-07-16 17:00:07,020 INFO IV surface flag on 20260622_BTC_PUT_1: short strike 25.0 now +14.2vp expensive — consider closing
2026-07-16 17:00:07,617 INFO IV surface flag on 20260623_BTC_PUT_3: short strike 26.0 now -7.8vp cheap — vol moved against position
2026-07-16 17:00:12,906 INFO IV surface flag on 20260706_QUBT_PUT_2: short strike 7.5 now +54.0vp expensive — consider closing
2026-07-16 17:00:14,028 INFO IV surface flag on 20260706_SMR_PUT_2: short strike 7.5 now -2.7vp cheap — vol moved against position
2026-07-16 17:00:16,747 INFO IV surface flag on 20260707_QUBT_PUT_3: short strike 7.5 now +54.0vp expensive — consider closing
2026-07-16 17:00:21,464 WARNING _current_mark failed for WMT: name 's' is not defined
2026-07-16 17:00:21,593 WARNING _current_mark failed for SHOP: name 's' is not defined
2026-07-16 17:00:21,714 WARNING _current_mark failed for V: name 's' is not defined
2026-07-16 17:00:21,837 WARNING _current_mark failed for RTX: name 's' is not defined
