2026-07-09 11:20:34 INFO     scripts.ml_cache: ml_cache refreshed: 79 tickers
2026-07-09 11:26:51 INFO     scripts.ml_cache: ml_cache refreshed: 79 tickers
2026-07-09 11:56:57 INFO     scripts.ml_cache: ml_cache refreshed: 79 tickers
2026-07-09 12:27:07 INFO     scripts.ml_cache: ml_cache refreshed: 79 tickers
2026-07-09 12:37:03 INFO     scripts.ml_cache: ml_cache refreshed: 79 tickers
2026-07-10 10:00:43 WARNING  scripts.paper_trade_engine: analyze_ticker(ACHR) failed: [WinError 32] The process cannot access the file because it is being used by another process: 'C:\\Project Y\\web\\..\\data\\oi_cache.json.tmp' -> 'C:\\Project Y\\web\\..\\data\\oi_cache.json'
2026-07-10 10:01:14 INFO     scripts.ml_cache: ml_cache refreshed: 79 tickers
2026-07-10 10:01:33 INFO     scripts.ml_cache: ml_cache refreshed: 79 tickers
2026-07-10 10:01:54 WARNING  scripts.paper_trade_engine: analyze_ticker(UBER) failed: Too Many Requests. Rate limited. Try after a while.
2026-07-10 10:01:54 WARNING  scripts.paper_trade_engine: analyze_ticker(SHOP) failed: Too Many Requests. Rate limited. Try after a while.
2026-07-10 10:01:54 WARNING  scripts.paper_trade_engine: analyze_ticker(MELI) failed: Too Many Requests. Rate limited. Try after a while.
2026-07-10 10:01:54 WARNING  scripts.paper_trade_engine: analyze_ticker(V) failed: Too Many Requests. Rate limited. Try after a while.
2026-07-10 10:01:54 WARNING  scripts.paper_trade_engine: analyze_ticker(MELI) failed: Too Many Requests. Rate limited. Try after a while.
2026-07-10 10:01:54 WARNING  scripts.paper_trade_engine: analyze_ticker(MA) failed: Too Many Requests. Rate limited. Try after a while.
2026-07-10 10:01:54 WARNING  scripts.paper_trade_engine: analyze_ticker(V) failed: Too Many Requests. Rate limited. Try after a while.
2026-07-10 10:01:54 WARNING  scripts.paper_trade_engine: analyze_ticker(BRK-B) failed: Too Many Requests. Rate limited. Try after a while.
2026-07-10 10:01:54 WARNING  scripts.paper_trade_engine: analyze_ticker(MA) failed: Too Many Requests. Rate limited. Try after a while.
2026-07-10 10:01:54 WARNING  scripts.paper_trade_engine: analyze_ticker(LLY) failed: Too Many Requests. Rate limited. Try after a while.
2026-07-10 10:01:54 WARNING  scripts.paper_trade_engine: analyze_ticker(BRK-B) failed: Too Many Requests. Rate limited. Try after a while.
2026-07-10 10:01:54 WARNING  scripts.paper_trade_engine: analyze_ticker(NVO) failed: Too Many Requests. Rate limited. Try after a while.
2026-07-10 10:01:55 WARNING  scripts.paper_trade_engine: analyze_ticker(ISRG) failed: Too Many Requests. Rate limited. Try after a while.
2026-07-10 10:01:55 WARNING  scripts.paper_trade_engine: analyze_ticker(NVO) failed: Too Many Requests. Rate limited. Try after a while.
2026-07-10 10:01:55 WARNING  scripts.paper_trade_engine: analyze_ticker(ABBV) failed: Too Many Requests. Rate limited. Try after a while.
2026-07-10 10:01:55 WARNING  scripts.paper_trade_engine: analyze_ticker(ISRG) failed: Too Many Requests. Rate limited. Try after a while.
2026-07-10 10:01:55 WARNING  scripts.paper_trade_engine: analyze_ticker(ABBV) failed: Too Many Requests. Rate limited. Try after a while.
2026-07-10 10:01:55 WARNING  scripts.paper_trade_engine: analyze_ticker(BSX) failed: Too Many Requests. Rate limited. Try after a while.
2026-07-10 10:01:55 WARNING  scripts.paper_trade_engine: analyze_ticker(BSX) failed: Too Many Requests. Rate limited. Try after a while.
2026-07-10 10:01:55 WARNING  scripts.paper_trade_engine: analyze_ticker(GE) failed: Too Many Requests. Rate limited. Try after a while.
2026-07-10 10:01:55 WARNING  scripts.paper_trade_engine: analyze_ticker(GE) failed: Too Many Requests. Rate limited. Try after a while.
2026-07-10 10:01:55 WARNING  scripts.paper_trade_engine: analyze_ticker(ETN) failed: Too Many Requests. Rate limited. Try after a while.
2026-07-10 10:01:55 WARNING  scripts.paper_trade_engine: analyze_ticker(ETN) failed: Too Many Requests. Rate limited. Try after a while.
2026-07-10 10:01:55 WARNING  scripts.paper_trade_engine: analyze_ticker(PH) failed: Too Many Requests. Rate limited. Try after a while.
2026-07-10 10:01:55 WARNING  scripts.paper_trade_engine: analyze_ticker(PH) failed: Too Many Requests. Rate limited. Try after a while.
2026-07-10 10:01:55 WARNING  scripts.paper_trade_engine: analyze_ticker(TT) failed: Too Many Requests. Rate limited. Try after a while.
2026-07-10 10:01:55 WARNING  scripts.paper_trade_engine: analyze_ticker(TT) failed: Too Many Requests. Rate limited. Try after a while.
2026-07-10 10:01:55 WARNING  scripts.paper_trade_engine: analyze_ticker(CAT) failed: Too Many Requests. Rate limited. Try after a while.
2026-07-10 10:01:55 WARNING  scripts.paper_trade_engine: analyze_ticker(CAT) failed: Too Many Requests. Rate limited. Try after a while.
2026-07-10 10:01:55 WARNING  scripts.paper_trade_engine: analyze_ticker(DE) failed: Too Many Requests. Rate limited. Try after a while.
2026-07-10 10:01:55 WARNING  scripts.paper_trade_engine: analyze_ticker(DE) failed: Too Many Requests. Rate limited. Try after a while.
2026-07-10 10:01:55 WARNING  scripts.paper_trade_engine: analyze_ticker(VRT) failed: Too Many Requests. Rate limited. Try after a while.
2026-07-10 10:01:55 WARNING  scripts.paper_trade_engine: analyze_ticker(VRT) failed: Too Many Requests. Rate limited. Try after a while.
2026-07-10 10:01:55 WARNING  scripts.paper_trade_engine: analyze_ticker(CEG) failed: Too Many Requests. Rate limited. Try after a while.
2026-07-10 10:01:55 WARNING  scripts.paper_trade_engine: analyze_ticker(CEG) failed: Too Many Requests. Rate limited. Try after a while.
2026-07-10 10:01:55 WARNING  scripts.paper_trade_engine: analyze_ticker(VST) failed: Too Many Requests. Rate limited. Try after a while.
2026-07-10 10:01:55 WARNING  scripts.paper_trade_engine: analyze_ticker(VST) failed: Too Many Requests. Rate limited. Try after a while.
2026-07-10 10:01:55 WARNING  scripts.paper_trade_engine: analyze_ticker(NEE) failed: Too Many Requests. Rate limited. Try after a while.
2026-07-10 10:01:55 WARNING  scripts.paper_trade_engine: analyze_ticker(NEE) failed: Too Many Requests. Rate limited. Try after a while.
2026-07-10 10:01:55 WARNING  scripts.paper_trade_engine: analyze_ticker(XOM) failed: Too Many Requests. Rate limited. Try after a while.
2026-07-10 10:01:55 WARNING  scripts.paper_trade_engine: analyze_ticker(XOM) failed: Too Many Requests. Rate limited. Try after a while.
2026-07-10 10:01:56 WARNING  scripts.paper_trade_engine: analyze_ticker(COP) failed: Too Many Requests. Rate limited. Try after a while.
2026-07-10 10:01:56 WARNING  scripts.paper_trade_engine: analyze_ticker(COP) failed: Too Many Requests. Rate limited. Try after a while.
2026-07-10 10:01:56 WARNING  scripts.paper_trade_engine: analyze_ticker(KLAC) failed: Too Many Requests. Rate limited. Try after a while.
2026-07-10 10:01:56 WARNING  scripts.paper_trade_engine: analyze_ticker(KLAC) failed: Too Many Requests. Rate limited. Try after a while.
2026-07-10 10:01:56 WARNING  scripts.paper_trade_engine: analyze_ticker(ASML) failed: Too Many Requests. Rate limited. Try after a while.
2026-07-10 10:01:56 WARNING  scripts.paper_trade_engine: analyze_ticker(ASML) failed: Too Many Requests. Rate limited. Try after a while.
2026-07-10 10:01:56 WARNING  scripts.paper_trade_engine: analyze_ticker(LRCX) failed: Too Many Requests. Rate limited. Try after a while.
2026-07-10 10:01:56 WARNING  scripts.paper_trade_engine: analyze_ticker(LRCX) failed: Too Many Requests. Rate limited. Try after a while.
2026-07-10 10:01:56 WARNING  scripts.paper_trade_engine: analyze_ticker(CDNS) failed: Too Many Requests. Rate limited. Try after a while.
2026-07-10 10:01:56 WARNING  scripts.paper_trade_engine: analyze_ticker(CDNS) failed: Too Many Requests. Rate limited. Try after a while.
2026-07-10 10:01:56 WARNING  scripts.paper_trade_engine: analyze_ticker(SNPS) failed: Too Many Requests. Rate limited. Try after a while.
2026-07-10 10:01:56 WARNING  scripts.paper_trade_engine: analyze_ticker(SNPS) failed: Too Many Requests. Rate limited. Try after a while.
2026-07-10 10:01:56 WARNING  scripts.paper_trade_engine: analyze_ticker(NET) failed: Too Many Requests. Rate limited. Try after a while.
2026-07-10 10:01:56 WARNING  scripts.paper_trade_engine: analyze_ticker(NET) failed: Too Many Requests. Rate limited. Try after a while.
2026-07-10 10:01:56 WARNING  scripts.paper_trade_engine: option_chain(SPY, 2026-07-24) failed: Too Many Requests. Rate limited. Try after a while.
2026-07-10 10:01:56 WARNING  scripts.paper_trade_engine: option_chain(SPY, 2026-07-24) failed: Too Many Requests. Rate limited. Try after a while.
2026-07-10 10:01:56 INFO     scripts.paper_trade_engine: Paper trade #1: 20260710_SPY_CAL_1  credit=1.240  expiry=2026-07-24
2026-07-10 10:01:56 WARNING  scripts.paper_trade_engine: option_chain(SPY, 2026-07-24) failed: Too Many Requests. Rate limited. Try after a while.
2026-07-10 10:01:56 WARNING  scripts.paper_trade_engine: option_chain(SPY, 2026-07-24) failed: Too Many Requests. Rate limited. Try after a while.
2026-07-10 10:01:56 INFO     scripts.paper_trade_engine: Paper trade #1: 20260710_SPY_CAL_1  credit=1.240  expiry=2026-07-24
2026-07-10 10:01:57 WARNING  scripts.paper_trade_engine: Training snapshot write failed for 20260710_SPY_CAL_1: name 'log' is not defined
2026-07-10 10:01:57 WARNING  scripts.paper_trade_engine: option_chain(AAPL, 2026-07-24) failed: Too Many Requests. Rate limited. Try after a while.
2026-07-10 10:01:57 WARNING  scripts.paper_trade_engine: option_chain(AAPL, 2026-07-24) failed: Too Many Requests. Rate limited. Try after a while.
2026-07-10 10:01:57 INFO     scripts.paper_trade_engine: Paper trade #2: 20260710_AAPL_CAL_2  credit=1.320  expiry=2026-07-24
2026-07-10 10:01:57 WARNING  scripts.paper_trade_engine: Training snapshot write failed for 20260710_SPY_CAL_1: name 'log' is not defined
2026-07-10 10:01:57 WARNING  scripts.paper_trade_engine: Training snapshot write failed for 20260710_AAPL_CAL_2: name 'log' is not defined
2026-07-10 10:01:57 WARNING  scripts.paper_trade_engine: option_chain(AAPL, 2026-07-24) failed: Too Many Requests. Rate limited. Try after a while.
2026-07-10 10:01:57 WARNING  scripts.paper_trade_engine: option_chain(SOFI, 2026-07-24) failed: Too Many Requests. Rate limited. Try after a while.
2026-07-10 10:01:57 WARNING  scripts.paper_trade_engine: option_chain(AAPL, 2026-07-24) failed: Too Many Requests. Rate limited. Try after a while.
2026-07-10 10:01:57 INFO     scripts.paper_trade_engine: Paper trade #2: 20260710_AAPL_CAL_2  credit=1.320  expiry=2026-07-24
2026-07-10 10:01:57 WARNING  scripts.paper_trade_engine: option_chain(SOFI, 2026-07-24) failed: Too Many Requests. Rate limited. Try after a while.
2026-07-10 10:01:57 INFO     scripts.paper_trade_engine: Paper trade #3: 20260710_SOFI_CAL_3  credit=1.510  expiry=2026-07-24
2026-07-10 10:01:58 WARNING  scripts.paper_trade_engine: Training snapshot write failed for 20260710_AAPL_CAL_2: name 'log' is not defined
2026-07-10 10:01:58 WARNING  scripts.paper_trade_engine: Training snapshot write failed for 20260710_SOFI_CAL_3: name 'log' is not defined
2026-07-10 10:01:58 WARNING  scripts.paper_trade_engine: option_chain(SOFI, 2026-07-24) failed: Too Many Requests. Rate limited. Try after a while.
2026-07-10 10:01:58 WARNING  scripts.paper_trade_engine: option_chain(SOFI, 2026-07-24) failed: Too Many Requests. Rate limited. Try after a while.
2026-07-10 10:01:58 INFO     scripts.paper_trade_engine: Paper trade #3: 20260710_SOFI_CAL_3  credit=1.920  expiry=2026-07-24
2026-07-10 10:01:58 WARNING  scripts.paper_trade_engine: Training snapshot write failed for 20260710_SOFI_CAL_3: name 'log' is not defined
2026-07-10 10:14:23 INFO     scripts.ml_cache: ml_cache refreshed: 79 tickers
2026-07-10 10:27:25 INFO     scripts.ml_cache: ml_cache refreshed: 79 tickers
2026-07-10 10:27:28 INFO     scripts.ml_cache: ml_cache refreshed: 79 tickers
2026-07-10 10:58:12 INFO     scripts.ml_cache: ml_cache refreshed: 79 tickers
2026-07-10 10:58:24 INFO     scripts.ml_cache: ml_cache refreshed: 79 tickers
2026-07-10 15:36:31 INFO     scripts.ml_cache: ml_cache refreshed: 81 tickers
2026-07-10 15:36:31 INFO     scripts.ml_cache: ml_cache refreshed: 81 tickers
2026-07-10 15:57:04 INFO     scripts.ml_cache: ml_cache refreshed: 81 tickers
2026-07-10 16:10:09 INFO     scripts.ml_cache: ml_cache refreshed: 81 tickers
2026-07-10 17:25:03 INFO     scripts.ml_cache: ml_cache refreshed: 81 tickers
2026-07-10 17:31:49 INFO     scripts.ml_cache: ml_cache refreshed: 81 tickers
2026-07-11 14:25:27 INFO     scripts.ml_cache: ml_cache refreshed: 81 tickers in 195.05s
2026-07-11 14:26:34 INFO     scripts.ml_cache: ml_cache refreshed: 81 tickers in 258.17s
2026-07-11 15:12:56 INFO     scripts.ml_cache: ml_cache refreshed: 81 tickers in 195.38s
2026-07-11 15:13:31 INFO     scripts.ml_cache: ml_cache refreshed: 81 tickers in 224.70s
2026-07-11 15:14:24 WARNING  scripts.paper_trade_engine: option_chain(BTC, 2026-07-17) failed: Expiration `2026-07-17` cannot be found. Available expirations are: []
2026-07-11 15:14:25 WARNING  scripts.paper_trade_engine: option_chain(ARQQ, 2026-07-17) failed: Expiration `2026-07-17` cannot be found. Available expirations are: []
2026-07-11 15:14:32 WARNING  scripts.paper_trade_engine: option_chain(QUBT, 2026-07-24) failed: Expiration `2026-07-24` cannot be found. Available expirations are: []
2026-07-11 15:14:36 WARNING  scripts.paper_trade_engine: option_chain(SPY, 2026-07-24) failed: Expiration `2026-07-24` cannot be found. Available expirations are: []
2026-07-11 15:14:43 WARNING  scripts.paper_trade_engine: option_chain(AAPL, 2026-07-24) failed: Expiration `2026-07-24` cannot be found. Available expirations are: []
2026-07-12 08:30:11 INFO     scripts.ml_cache: ml_cache refreshed: 81 tickers in 166.32s
2026-07-12 08:39:58 INFO     scripts.ml_cache: ml_cache refreshed: 81 tickers in 164.42s
2026-07-12 08:50:31 INFO     scripts.ml_cache: ml_cache refreshed: 81 tickers in 167.46s
2026-07-12 11:06:39 INFO     scripts.ml_cache: ml_cache refreshed: 81 tickers in 191.08s
2026-07-12 11:18:33 INFO     scripts.ml_cache: ml_cache refreshed: 81 tickers in 169.19s
2026-07-12 11:29:16 INFO     scripts.ml_cache: ml_cache refreshed: 81 tickers in 177.79s
2026-07-12 12:11:26 INFO     scripts.ml_cache: ml_cache refreshed: 81 tickers in 164.89s
2026-07-12 12:14:40 INFO     scripts.ml_cache: ml_cache refreshed: 81 tickers in 187.12s
2026-07-12 12:33:21 INFO     scripts.ml_cache: ml_cache refreshed: 81 tickers in 158.41s
2026-07-12 12:46:39 INFO     scripts.ml_cache: ml_cache refreshed: 81 tickers in 162.93s
2026-07-12 12:49:43 INFO     scripts.ml_cache: ml_cache refreshed: 81 tickers in 163.51s
2026-07-12 12:56:42 INFO     scripts.ml_cache: ml_cache refreshed: 81 tickers in 193.98s
2026-07-12 14:02:08 INFO     scripts.ml_cache: ml_cache refreshed: 81 tickers in 173.19s
2026-07-12 14:12:11 INFO     scripts.ml_cache: ml_cache refreshed: 81 tickers in 203.44s
2026-07-12 14:16:37 INFO     scripts.ml_cache: ml_cache refreshed: 81 tickers in 186.17s
2026-07-13 08:28:35 INFO     scripts.ml_cache: ml_cache refreshed: 81 tickers in 265.28s
2026-07-13 08:57:44 INFO     scripts.ml_cache: ml_cache refreshed: 81 tickers in 214.35s
2026-07-13 09:28:02 INFO     scripts.ml_cache: ml_cache refreshed: 60 tickers in 232.21s
2026-07-13 09:59:27 INFO     scripts.ml_cache: ml_cache refreshed: 81 tickers in 316.99s
2026-07-13 10:00:22 WARNING  scripts.paper_trade_engine: analyze_ticker(MU) failed: [WinError 32] The process cannot access the file because it is being used by another process: 'C:\\Project Y\\web\\..\\data\\oi_cache.json.tmp' -> 'C:\\Project Y\\web\\..\\data\\oi_cache.json'
2026-07-13 10:03:10 INFO     scripts.paper_trade_engine: Paper trade #1: 20260713_APP_COV_1  credit=6.700  expiry=2026-07-31
2026-07-13 10:03:11 WARNING  scripts.training_data_collector: Failed to write training snapshot for 20260713_APP_COV_1: IO Error: Cannot open file "C:\Project Y\data\ml_training.duckdb": The process cannot access the file because it is being used by another process.

File is already open in 
C:\Python312\python\python.exe (PID 9972)
2026-07-13 10:03:11 INFO     scripts.paper_trade_engine: Paper trade #2: 20260713_VRT_COV_2  credit=4.500  expiry=2026-07-31
2026-07-13 10:03:12 INFO     scripts.training_data_collector: Training snapshot written for paper trade 20260713_VRT_COV_2
2026-07-13 10:03:12 INFO     scripts.paper_trade_engine: Paper trade #3: 20260713_ORCL_COV_3  credit=2.050  expiry=2026-07-31
2026-07-13 10:03:13 INFO     scripts.training_data_collector: Training snapshot written for paper trade 20260713_ORCL_COV_3
2026-07-13 10:28:36 INFO     scripts.ml_cache: ml_cache refreshed: 81 tickers in 265.98s
2026-07-13 10:58:58 INFO     scripts.ml_cache: ml_cache refreshed: 81 tickers in 287.96s
2026-07-13 11:29:39 INFO     scripts.ml_cache: ml_cache refreshed: 81 tickers in 328.99s
2026-07-13 11:58:54 INFO     scripts.ml_cache: ml_cache refreshed: 81 tickers in 283.76s
2026-07-13 12:29:25 INFO     scripts.ml_cache: ml_cache refreshed: 81 tickers in 314.87s
2026-07-13 12:43:41 INFO     scripts.ml_cache: ml_cache refreshed: 81 tickers in 278.08s
2026-07-13 12:43:43 INFO     scripts.ml_cache: ml_cache refreshed: 81 tickers in 283.71s
2026-07-13 12:57:50 INFO     scripts.ml_cache: ml_cache refreshed: 64 tickers in 219.85s
2026-07-13 12:57:50 INFO     scripts.ml_cache: ml_cache refreshed: 65 tickers in 220.48s
2026-07-13 13:29:27 INFO     scripts.ml_cache: ml_cache refreshed: 75 tickers in 316.97s
2026-07-13 13:29:28 INFO     scripts.ml_cache: ml_cache refreshed: 74 tickers in 317.76s
2026-07-13 13:40:01 INFO     scripts.ml_cache: ml_cache refreshed: 81 tickers in 242.68s
2026-07-13 13:48:56 INFO     scripts.ml_cache: ml_cache refreshed: 82 tickers in 258.15s
2026-07-13 13:57:46 INFO     scripts.ml_cache: ml_cache refreshed: 63 tickers in 215.73s
2026-07-13 13:57:46 INFO     scripts.ml_cache: ml_cache refreshed: 57 tickers in 216.35s
2026-07-13 14:04:42 WARNING  scripts.paper_trade_engine: analyze_ticker(CEG) failed: [WinError 32] The process cannot access the file because it is being used by another process: 'C:\\Project Y\\web\\..\\data\\oi_cache.json.tmp' -> 'C:\\Project Y\\web\\..\\data\\oi_cache.json'
2026-07-13 14:06:19 WARNING  scripts.paper_trade_engine: Skipping APP Financed Long Put — short or long strike is None
2026-07-13 14:06:19 WARNING  scripts.paper_trade_engine: Skipping ORCL Financed Long Put — short or long strike is None
2026-07-13 14:06:19 INFO     scripts.paper_trade_engine: Paper trade #3: 20260713PM_SHOP_LON_3  credit=7.350  expiry=2026-07-31
2026-07-13 14:06:20 INFO     scripts.training_data_collector: Training snapshot written for paper trade 20260713PM_SHOP_LON_3
2026-07-13 14:06:22 WARNING  scripts.paper_trade_engine: Skipping APP Financed Long Put — short or long strike is None
2026-07-13 14:06:22 WARNING  scripts.paper_trade_engine: Skipping ORCL Financed Long Put — short or long strike is None
2026-07-13 14:29:01 INFO     scripts.ml_cache: ml_cache refreshed: 68 tickers in 291.04s
2026-07-13 14:29:01 INFO     scripts.ml_cache: ml_cache refreshed: 69 tickers in 291.40s
2026-07-13 15:00:39 INFO     scripts.ml_cache: ml_cache refreshed: 82 tickers in 389.61s
2026-07-13 15:01:06 INFO     scripts.ml_cache: ml_cache refreshed: 81 tickers in 416.50s
2026-07-13 15:05:21 INFO     scripts.ml_cache: ml_cache refreshed: 82 tickers in 254.45s
2026-07-13 15:30:32 INFO     scripts.ml_cache: ml_cache refreshed: 82 tickers in 281.25s
2026-07-13 15:30:32 INFO     scripts.ml_cache: ml_cache refreshed: 81 tickers in 382.31s
2026-07-13 15:59:37 INFO     scripts.ml_cache: ml_cache refreshed: 80 tickers in 327.61s
2026-07-13 15:59:39 INFO     scripts.ml_cache: ml_cache refreshed: 62 tickers in 328.72s
2026-07-13 16:07:18 INFO     scripts.ml_cache: ml_cache refreshed: 82 tickers in 250.05s
2026-07-13 16:22:15 INFO     scripts.ml_cache: ml_cache refreshed: 82 tickers in 219.50s
2026-07-13 16:30:50 INFO     scripts.ml_cache: ml_cache refreshed: 81 tickers in 400.44s
2026-07-13 16:30:59 INFO     scripts.ml_cache: ml_cache refreshed: 82 tickers in 243.75s
2026-07-13 16:59:13 INFO     scripts.ml_cache: ml_cache refreshed: 82 tickers in 302.73s
2026-07-13 17:00:02 INFO     scripts.paper_trade_engine: IV surface flag on 20260618_BTC_PUT_2: short strike 25.0 now +14.2vp expensive — consider closing
2026-07-13 17:00:04 INFO     scripts.paper_trade_engine: IV surface flag on 20260622_BTC_PUT_1: short strike 25.0 now +14.2vp expensive — consider closing
2026-07-13 17:00:04 INFO     scripts.paper_trade_engine: IV surface flag on 20260623_BTC_PUT_3: short strike 26.0 now -7.8vp cheap — vol moved against position
2026-07-13 17:00:05 INFO     scripts.paper_trade_engine: IV surface flag on 20260623_BTC_PUT_3: short strike 26.0 now -7.8vp cheap — vol moved against position
2026-07-13 17:00:13 INFO     scripts.paper_trade_engine: IV surface flag on 20260706_QUBT_PUT_2: short strike 7.5 now +54.0vp expensive — consider closing
2026-07-13 17:00:14 INFO     scripts.paper_trade_engine: IV surface flag on 20260706_QUBT_PUT_2: short strike 7.5 now +54.0vp expensive — consider closing
2026-07-13 17:00:15 INFO     scripts.paper_trade_engine: IV surface flag on 20260706_SMR_PUT_2: short strike 7.5 now -2.7vp cheap — vol moved against position
2026-07-13 17:00:19 INFO     scripts.paper_trade_engine: IV surface flag on 20260707_QUBT_PUT_3: short strike 7.5 now +54.0vp expensive — consider closing
2026-07-13 17:00:20 INFO     scripts.paper_trade_engine: IV surface flag on 20260707_QUBT_PUT_3: short strike 7.5 now +54.0vp expensive — consider closing
2026-07-13 17:00:28 WARNING  scripts.paper_trade_engine: _current_mark failed for WMT: name 's' is not defined
2026-07-13 17:00:28 WARNING  scripts.paper_trade_engine: _current_mark failed for SHOP: name 's' is not defined
2026-07-13 17:00:28 WARNING  scripts.paper_trade_engine: _current_mark failed for WMT: name 's' is not defined
2026-07-13 17:00:28 WARNING  scripts.paper_trade_engine: _current_mark failed for SHOP: name 's' is not defined
2026-07-13 17:00:50 INFO     scripts.ml_cache: ml_cache refreshed: 81 tickers in 400.40s
2026-07-13 17:31:58 INFO     scripts.ml_cache: ml_cache refreshed: 82 tickers in 205.00s
2026-07-13 17:39:46 INFO     scripts.ml_cache: ml_cache refreshed: 82 tickers in 222.30s
2026-07-13 17:45:11 INFO     scripts.ml_cache: ml_cache refreshed: 82 tickers in 218.74s
2026-07-13 17:51:31 INFO     scripts.ml_cache: ml_cache refreshed: 82 tickers in 221.45s
2026-07-13 17:58:59 INFO     scripts.ml_cache: ml_cache refreshed: 82 tickers in 317.33s
2026-07-13 18:20:39 INFO     scripts.ml_cache: ml_cache refreshed: 82 tickers in 204.62s
2026-07-16 09:54:10 WARNING  scripts.training_data_collector: [warmup] E*TRADE not authenticated — option chains will fall back to yfinance
2026-07-16 09:55:03 INFO     scripts.ml_cache: ml_cache refreshed: 82 tickers in 327.63s
2026-07-16 09:56:17 INFO     scripts.ml_cache: ml_cache refreshed: 82 tickers in 376.25s
2026-07-16 10:00:00 WARNING  scripts.paper_trade_engine: [warmup] E*TRADE not authenticated — option chains will fall back to yfinance
2026-07-16 10:00:59 WARNING  scripts.paper_trade_engine: analyze_ticker(NVDA) failed: 'NoneType' object has no attribute 'copy'
2026-07-16 10:06:06 WARNING  scripts.paper_trade_engine: analyze_ticker(LLY, short_dte) failed: [WinError 32] The process cannot access the file because it is being used by another process: 'C:\\Project Y\\web\\..\\data\\oi_cache.json.tmp' -> 'C:\\Project Y\\web\\..\\data\\oi_cache.json'
2026-07-16 10:06:47 WARNING  scripts.paper_trade_engine: analyze_ticker(MS) failed: 'NoneType' object has no attribute 'copy'
2026-07-16 10:07:20 WARNING  scripts.paper_trade_engine: analyze_ticker(RTX) failed: Too Many Requests. Rate limited. Try after a while.
2026-07-16 10:07:20 WARNING  scripts.paper_trade_engine: analyze_ticker(HON, short_dte) failed: Too Many Requests. Rate limited. Try after a while.
2026-07-16 10:07:20 WARNING  scripts.paper_trade_engine: analyze_ticker(RTX, short_dte) failed: Too Many Requests. Rate limited. Try after a while.
2026-07-16 10:07:21 WARNING  scripts.paper_trade_engine: analyze_ticker(COP) failed: Too Many Requests. Rate limited. Try after a while.
2026-07-16 10:07:21 WARNING  scripts.paper_trade_engine: analyze_ticker(COP, short_dte) failed: Too Many Requests. Rate limited. Try after a while.
2026-07-16 10:07:21 WARNING  scripts.paper_trade_engine: analyze_ticker(CVX) failed: Too Many Requests. Rate limited. Try after a while.
2026-07-16 10:07:22 WARNING  scripts.paper_trade_engine: analyze_ticker(CVX, short_dte) failed: Too Many Requests. Rate limited. Try after a while.
2026-07-16 10:07:22 WARNING  scripts.paper_trade_engine: analyze_ticker(NEE) failed: Too Many Requests. Rate limited. Try after a while.
2026-07-16 10:07:22 WARNING  scripts.paper_trade_engine: analyze_ticker(NEE, short_dte) failed: Too Many Requests. Rate limited. Try after a while.
2026-07-16 10:07:23 WARNING  scripts.paper_trade_engine: analyze_ticker(VST) failed: Too Many Requests. Rate limited. Try after a while.
2026-07-16 10:07:23 WARNING  scripts.paper_trade_engine: analyze_ticker(VST, short_dte) failed: Too Many Requests. Rate limited. Try after a while.
2026-07-16 10:07:23 WARNING  scripts.paper_trade_engine: analyze_ticker(FCX) failed: Too Many Requests. Rate limited. Try after a while.
2026-07-16 10:07:24 WARNING  scripts.paper_trade_engine: analyze_ticker(FCX, short_dte) failed: Too Many Requests. Rate limited. Try after a while.
2026-07-16 10:07:24 WARNING  scripts.paper_trade_engine: analyze_ticker(AMT) failed: Too Many Requests. Rate limited. Try after a while.
2026-07-16 10:07:24 WARNING  scripts.paper_trade_engine: analyze_ticker(AMT, short_dte) failed: Too Many Requests. Rate limited. Try after a while.
2026-07-16 10:07:24 WARNING  scripts.paper_trade_engine: analyze_ticker(SOFI) failed: Too Many Requests. Rate limited. Try after a while.
2026-07-16 10:07:25 WARNING  scripts.paper_trade_engine: analyze_ticker(SOFI, short_dte) failed: Too Many Requests. Rate limited. Try after a while.
2026-07-16 10:07:25 WARNING  scripts.paper_trade_engine: analyze_ticker(EQIX, short_dte) failed: Too Many Requests. Rate limited. Try after a while.
2026-07-16 10:07:26 WARNING  scripts.paper_trade_engine: analyze_ticker(IWM) failed: Too Many Requests. Rate limited. Try after a while.
2026-07-16 10:07:26 WARNING  scripts.paper_trade_engine: analyze_ticker(IWM, short_dte) failed: Too Many Requests. Rate limited. Try after a while.
2026-07-16 10:07:26 WARNING  scripts.paper_trade_engine: analyze_ticker(GLD, short_dte) failed: Too Many Requests. Rate limited. Try after a while.
2026-07-16 10:07:26 WARNING  scripts.paper_trade_engine: analyze_ticker(XLE) failed: Too Many Requests. Rate limited. Try after a while.
2026-07-16 10:07:26 WARNING  scripts.paper_trade_engine: analyze_ticker(XLE, short_dte) failed: Too Many Requests. Rate limited. Try after a while.
2026-07-16 10:07:27 WARNING  scripts.paper_trade_engine: analyze_ticker(C) failed: Too Many Requests. Rate limited. Try after a while.
2026-07-16 10:07:27 WARNING  scripts.paper_trade_engine: analyze_ticker(C, short_dte) failed: Too Many Requests. Rate limited. Try after a while.
2026-07-16 10:07:28 WARNING  scripts.paper_trade_engine: analyze_ticker(WFC, short_dte) failed: Too Many Requests. Rate limited. Try after a while.
2026-07-16 10:07:28 WARNING  scripts.paper_trade_engine: analyze_ticker(SCHW) failed: Too Many Requests. Rate limited. Try after a while.
2026-07-16 10:07:28 WARNING  scripts.paper_trade_engine: analyze_ticker(SCHW, short_dte) failed: Too Many Requests. Rate limited. Try after a while.
2026-07-16 10:07:29 WARNING  scripts.paper_trade_engine: analyze_ticker(AXP, short_dte) failed: Too Many Requests. Rate limited. Try after a while.
2026-07-16 10:07:29 WARNING  scripts.paper_trade_engine: analyze_ticker(PFE) failed: Too Many Requests. Rate limited. Try after a while.
2026-07-16 10:07:29 WARNING  scripts.paper_trade_engine: analyze_ticker(PFE, short_dte) failed: Too Many Requests. Rate limited. Try after a while.
2026-07-16 10:07:30 WARNING  scripts.paper_trade_engine: analyze_ticker(MRK) failed: Too Many Requests. Rate limited. Try after a while.
2026-07-16 10:07:30 WARNING  scripts.paper_trade_engine: analyze_ticker(MRK, short_dte) failed: Too Many Requests. Rate limited. Try after a while.
2026-07-16 10:07:30 WARNING  scripts.paper_trade_engine: analyze_ticker(MRNA, short_dte) failed: Too Many Requests. Rate limited. Try after a while.
2026-07-16 10:07:30 WARNING  scripts.paper_trade_engine: analyze_ticker(JNJ) failed: Too Many Requests. Rate limited. Try after a while.
2026-07-16 10:07:31 WARNING  scripts.paper_trade_engine: analyze_ticker(JNJ, short_dte) failed: Too Many Requests. Rate limited. Try after a while.
2026-07-16 10:07:31 WARNING  scripts.paper_trade_engine: analyze_ticker(TGT, short_dte) failed: Too Many Requests. Rate limited. Try after a while.
2026-07-16 10:07:31 WARNING  scripts.paper_trade_engine: analyze_ticker(UPS) failed: Too Many Requests. Rate limited. Try after a while.
2026-07-16 10:07:32 WARNING  scripts.paper_trade_engine: analyze_ticker(UPS, short_dte) failed: Too Many Requests. Rate limited. Try after a while.
2026-07-16 10:07:32 WARNING  scripts.paper_trade_engine: analyze_ticker(FDX) failed: Too Many Requests. Rate limited. Try after a while.
2026-07-16 10:07:32 WARNING  scripts.paper_trade_engine: analyze_ticker(FDX, short_dte) failed: Too Many Requests. Rate limited. Try after a while.
2026-07-16 10:07:33 WARNING  scripts.paper_trade_engine: analyze_ticker(SLB, short_dte) failed: Too Many Requests. Rate limited. Try after a while.
2026-07-16 10:07:33 WARNING  scripts.paper_trade_engine: analyze_ticker(T) failed: Too Many Requests. Rate limited. Try after a while.
2026-07-16 10:07:34 WARNING  scripts.paper_trade_engine: analyze_ticker(T, short_dte) failed: Too Many Requests. Rate limited. Try after a while.
2026-07-16 10:07:34 WARNING  scripts.paper_trade_engine: analyze_ticker(VZ, short_dte) failed: Too Many Requests. Rate limited. Try after a while.
2026-07-16 10:07:36 INFO     scripts.candidate_ranker: [filter] 635 rejected, 0 survived — gate breakdown: {'strikes_incomplete': 382, 'theta': 113, 'min_profit': 22, 'iv_edge': 32, 'expected_roi': 15, 'ml_confidence': 71}
2026-07-16 10:07:47 WARNING  scripts.training_data_collector: Scan snapshot write failed for ARM: IO Error: Cannot open file "C:\Project Y\data\ml_training.duckdb": The process cannot access the file because it is being used by another process.

File is already open in 
C:\Python312\python\python.exe (PID 5636)
2026-07-16 10:07:47 WARNING  scripts.training_data_collector: Scan snapshot write failed for MU: IO Error: Cannot open file "C:\Project Y\data\ml_training.duckdb": The process cannot access the file because it is being used by another process.

File is already open in 
C:\Python312\python\python.exe (PID 5636)
2026-07-16 10:07:47 WARNING  scripts.training_data_collector: Scan snapshot write failed for MU: IO Error: Cannot open file "C:\Project Y\data\ml_training.duckdb": The process cannot access the file because it is being used by another process.

File is already open in 
C:\Python312\python\python.exe (PID 5636)
2026-07-16 10:07:47 WARNING  scripts.training_data_collector: Scan snapshot write failed for INTC: IO Error: Cannot open file "C:\Project Y\data\ml_training.duckdb": The process cannot access the file because it is being used by another process.

2026-07-16 10:09:21 INFO     scripts.training_data_collector: [scan_morning] scan snapshots: 142 saved, 0 skipped (opened), 4 errors
2026-07-16 10:09:21 INFO     scripts.paper_trade_engine: Scan snapshots: 142 saved, 0 skipped
2026-07-16 10:24:10 WARNING  scripts.training_data_collector: [warmup] E*TRADE not authenticated — option chains will fall back to yfinance
2026-07-16 10:30:34 INFO     scripts.ml_cache: ml_cache refreshed: 82 tickers in 383.85s
2026-07-16 11:54:05 INFO     scripts.ml_cache: ml_cache refreshed: 82 tickers in 285.25s
2026-07-16 11:54:06 INFO     scripts.ml_cache: ml_cache refreshed: 82 tickers in 281.50s
2026-07-16 11:54:10 WARNING  scripts.training_data_collector: [warmup] E*TRADE not authenticated — option chains will fall back to yfinance
2026-07-16 12:00:14 INFO     scripts.ml_cache: ml_cache refreshed: 82 tickers in 363.75s
2026-07-16 12:08:15 INFO     scripts.ml_cache: ml_cache refreshed: 82 tickers in 281.04s
2026-07-16 12:21:06 INFO     scripts.ml_cache: ml_cache refreshed: 82 tickers in 278.17s
2026-07-16 12:28:58 INFO     scripts.ml_cache: ml_cache refreshed: 82 tickers in 283.14s
2026-07-16 12:54:10 WARNING  scripts.training_data_collector: [warmup] E*TRADE not authenticated — option chains will fall back to yfinance
2026-07-16 12:59:58 INFO     scripts.ml_cache: ml_cache refreshed: 82 tickers in 348.03s
2026-07-16 13:24:10 WARNING  scripts.training_data_collector: [warmup] E*TRADE not authenticated — option chains will fall back to yfinance
2026-07-16 13:30:36 INFO     scripts.ml_cache: ml_cache refreshed: 82 tickers in 386.55s
2026-07-16 13:54:10 WARNING  scripts.training_data_collector: [warmup] E*TRADE not authenticated — option chains will fall back to yfinance
2026-07-16 14:00:00 WARNING  scripts.paper_trade_engine: [warmup] E*TRADE not authenticated — option chains will fall back to yfinance
2026-07-16 14:00:04 INFO     scripts.paper_trade_engine: [prefetch] step 1 — batch daily history for 101 tickers
2026-07-16 14:00:23 INFO     scripts.paper_trade_engine: [prefetch] daily history done: 101 ok, 0 fail  (19.2s)
2026-07-16 14:00:23 INFO     scripts.paper_trade_engine: [prefetch] step 2 — batch weekly history for 100 tickers
2026-07-16 14:00:41 INFO     scripts.paper_trade_engine: [prefetch] weekly history done: 100 ok, 0 fail  (37.5s)
2026-07-16 14:00:41 INFO     scripts.paper_trade_engine: [prefetch] step 3+4 — expirations + chains for 100 tickers (serial)
2026-07-16 14:01:38 INFO     scripts.ml_cache: ml_cache refreshed: 82 tickers in 447.83s
2026-07-16 14:02:50 INFO     scripts.paper_trade_engine: [prefetch] done in 167s — hist 101/101, weekly 100/100, exps 100/100, chains 390 (fail 0)
2026-07-16 14:02:50 INFO     scripts.paper_trade_engine: [scan] cache ready — 691 total keys, 390 chain keys
2026-07-16 14:03:11 WARNING  scripts.paper_trade_engine: analyze_ticker(KLAC) failed: 'NoneType' object has no attribute 'copy'
2026-07-16 14:05:20 WARNING  scripts.paper_trade_engine: analyze_ticker(AMT) failed: Expiration `2026-10-16` cannot be found. Available expirations are: []
2026-07-16 14:05:22 WARNING  scripts.paper_trade_engine: analyze_ticker(EQIX) failed: 'NoneType' object has no attribute 'copy'
2026-07-16 14:05:23 WARNING  scripts.paper_trade_engine: analyze_ticker(AMT, short_dte) failed: Expiration `2026-10-16` cannot be found. Available expirations are: []
2026-07-16 14:05:29 WARNING  scripts.paper_trade_engine: analyze_ticker(WFC) failed: 'NoneType' object has no attribute 'copy'
2026-07-16 14:05:46 WARNING  scripts.paper_trade_engine: analyze_ticker(TGT, short_dte) failed: Expecting value: line 1 column 1 (char 0)
2026-07-16 14:06:03 INFO     scripts.candidate_ranker: [filter] 1029 rejected, 32 survived — gate breakdown: {'expected_roi': 589, 'liquidity_score': 1, 'strikes_incomplete': 295, 'min_profit': 91, 'iv_edge': 53}
2026-07-16 14:06:04 INFO     scripts.paper_trade_engine: Paper trade #1: 20260716PM_APP_COV_1  credit=4.000  expiry=2026-07-24
2026-07-16 14:06:05 INFO     scripts.training_data_collector: Training snapshot written for paper trade 20260716PM_APP_COV_1
2026-07-16 14:06:05 INFO     scripts.paper_trade_engine: Paper trade #2: 20260716PM_TXN_COV_2  credit=3.600  expiry=2026-07-24
2026-07-16 14:06:06 INFO     scripts.training_data_collector: Training snapshot written for paper trade 20260716PM_TXN_COV_2
2026-07-16 14:06:07 INFO     scripts.paper_trade_engine: Paper trade #3: 20260716PM_LRCX_COV_3  credit=5.250  expiry=2026-07-24
2026-07-16 14:06:08 INFO     scripts.training_data_collector: Training snapshot written for paper trade 20260716PM_LRCX_COV_3
2026-07-16 14:08:42 INFO     scripts.training_data_collector: [scan_afternoon] scan snapshots: 186 saved, 6 skipped (opened), 0 errors
2026-07-16 14:08:42 INFO     scripts.paper_trade_engine: Scan snapshots: 186 saved, 6 skipped
2026-07-16 14:24:10 WARNING  scripts.training_data_collector: [warmup] E*TRADE not authenticated — option chains will fall back to yfinance
2026-07-16 14:26:53 INFO     scripts.ml_cache: ml_cache loaded from disk: 82 tickers, age 1516s
2026-07-16 14:31:33 INFO     scripts.ml_cache: ml_cache refreshed: 82 tickers in 279.46s
2026-07-16 14:35:14 INFO     scripts.ml_cache: ml_cache loaded from disk: 82 tickers, age 221s
2026-07-16 14:41:13 INFO     scripts.ml_cache: ml_cache refreshed: 82 tickers in 359.01s
2026-07-16 14:54:10 WARNING  scripts.training_data_collector: [warmup] E*TRADE not authenticated — option chains will fall back to yfinance
2026-07-16 14:56:36 INFO     scripts.ml_cache: ml_cache loaded from disk: 82 tickers, age 923s
2026-07-16 14:56:51 INFO     scripts.ml_cache: ml_cache loaded from disk: 82 tickers, age 939s
2026-07-16 14:57:20 INFO     scripts.ml_cache: ml_cache loaded from disk: 82 tickers, age 968s
2026-07-16 14:57:31 INFO     scripts.ml_cache: ml_cache loaded from disk: 82 tickers, age 979s
2026-07-16 14:59:54 INFO     scripts.ml_cache: ml_cache loaded from disk: 82 tickers, age 1121s
2026-07-16 15:04:10 INFO     scripts.ml_cache: ml_cache refreshed: 82 tickers in 256.07s
2026-07-16 15:09:21 INFO     scripts.ml_cache: ml_cache loaded from disk: 82 tickers, age 311s
2026-07-16 15:09:39 INFO     scripts.ml_cache: ml_cache loaded from disk: 82 tickers, age 329s
2026-07-16 15:10:13 INFO     scripts.ml_cache: ml_cache loaded from disk: 82 tickers, age 363s
2026-07-16 15:10:30 INFO     scripts.ml_cache: ml_cache loaded from disk: 82 tickers, age 380s
2026-07-16 15:14:45 INFO     scripts.ml_cache: ml_cache refreshed: 82 tickers in 254.94s
2026-07-16 15:24:10 WARNING  scripts.training_data_collector: [warmup] E*TRADE not authenticated — option chains will fall back to yfinance
2026-07-16 15:29:37 INFO     scripts.ml_cache: ml_cache refreshed: 82 tickers in 327.58s
2026-07-16 15:54:10 WARNING  scripts.training_data_collector: [warmup] E*TRADE not authenticated — option chains will fall back to yfinance
2026-07-16 15:59:54 INFO     scripts.ml_cache: ml_cache refreshed: 82 tickers in 344.35s
